[debug] [2020-06-08T14:51:28.166Z] ----------------------------------------------------------------------
[debug] [2020-06-08T14:51:28.167Z] Command:       D:\node.exe C:\Users\tatel\AppData\Roaming\npm\node_modules\firebase-tools\lib\bin\firebase.js serve
[debug] [2020-06-08T14:51:28.167Z] CLI Version:   8.4.2
[debug] [2020-06-08T14:51:28.167Z] Platform:      win32
[debug] [2020-06-08T14:51:28.167Z] Node Version:  v12.13.1
[debug] [2020-06-08T14:51:28.168Z] Time:          Mon Jun 08 2020 16:51:28 GMT+0200 (GMT+02:00)
[debug] [2020-06-08T14:51:28.168Z] ----------------------------------------------------------------------
[debug] [2020-06-08T14:51:28.168Z] 
[debug] [2020-06-08T14:51:28.174Z] > command requires scopes: ["email","openid","https://www.googleapis.com/auth/cloudplatformprojects.readonly","https://www.googleapis.com/auth/firebase","https://www.googleapis.com/auth/cloud-platform"]
[debug] [2020-06-08T14:51:28.174Z] > authorizing via signed-in user
[debug] [2020-06-08T14:51:28.174Z] [iam] checking project gosecuri-8a852 for permissions ["firebase.projects.get"]
[debug] [2020-06-08T14:51:28.177Z] >>> HTTP REQUEST POST https://cloudresourcemanager.googleapis.com/v1/projects/gosecuri-8a852:testIamPermissions  
 {"permissions":["firebase.projects.get"]}
[debug] [2020-06-08T14:51:28.864Z] <<< HTTP RESPONSE 200 {"content-type":"application/json; charset=UTF-8","vary":"X-Origin, Referer, Origin,Accept-Encoding","date":"Mon, 08 Jun 2020 14:51:29 GMT","server":"ESF","cache-control":"private","x-xss-protection":"0","x-frame-options":"SAMEORIGIN","x-content-type-options":"nosniff","server-timing":"gfet4t7; dur=566","alt-svc":"h3-27=\":443\"; ma=2592000,h3-25=\":443\"; ma=2592000,h3-T050=\":443\"; ma=2592000,h3-Q050=\":443\"; ma=2592000,h3-Q049=\":443\"; ma=2592000,h3-Q048=\":443\"; ma=2592000,h3-Q046=\":443\"; ma=2592000,h3-Q043=\":443\"; ma=2592000,quic=\":443\"; ma=2592000; v=\"46,43\"","accept-ranges":"none","transfer-encoding":"chunked"}
[debug] [2020-06-08T14:51:28.865Z] >>> HTTP REQUEST GET https://firebase.googleapis.com/v1beta1/projects/gosecuri-8a852  
 
[debug] [2020-06-08T14:51:29.121Z] <<< HTTP RESPONSE 200 {"content-type":"application/json; charset=UTF-8","vary":"X-Origin, Referer, Origin,Accept-Encoding","date":"Mon, 08 Jun 2020 14:51:30 GMT","server":"ESF","cache-control":"private","x-xss-protection":"0","x-frame-options":"SAMEORIGIN","x-content-type-options":"nosniff","alt-svc":"h3-27=\":443\"; ma=2592000,h3-25=\":443\"; ma=2592000,h3-T050=\":443\"; ma=2592000,h3-Q050=\":443\"; ma=2592000,h3-Q049=\":443\"; ma=2592000,h3-Q048=\":443\"; ma=2592000,h3-Q046=\":443\"; ma=2592000,h3-Q043=\":443\"; ma=2592000,quic=\":443\"; ma=2592000; v=\"46,43\"","accept-ranges":"none","transfer-encoding":"chunked"}
[info] 
[info] === Serving from 'C:\Users\tatel\Documents\mspr_Java\GoSecuri_EpsiB3'...
[info] 
[debug] [2020-06-08T14:51:29.123Z] >>> HTTP REQUEST GET https://firebase.googleapis.com/v1beta1/projects/gosecuri-8a852/webApps/-/config  
 
[debug] [2020-06-08T14:51:29.766Z] <<< HTTP RESPONSE 200 {"content-type":"application/json; charset=UTF-8","vary":"X-Origin, Referer, Origin,Accept-Encoding","date":"Mon, 08 Jun 2020 14:51:30 GMT","server":"ESF","cache-control":"private","x-xss-protection":"0","x-frame-options":"SAMEORIGIN","x-content-type-options":"nosniff","alt-svc":"h3-27=\":443\"; ma=2592000,h3-25=\":443\"; ma=2592000,h3-T050=\":443\"; ma=2592000,h3-Q050=\":443\"; ma=2592000,h3-Q049=\":443\"; ma=2592000,h3-Q048=\":443\"; ma=2592000,h3-Q046=\":443\"; ma=2592000,h3-Q043=\":443\"; ma=2592000,quic=\":443\"; ma=2592000; v=\"46,43\"","accept-ranges":"none","transfer-encoding":"chunked"}
[info] i  hosting: Serving hosting files from: web {"metadata":{"emulator":{"name":"hosting"},"message":"Serving hosting files from: \u001b[1mweb\u001b[22m"}}
[info] +  hosting: Local server: http://localhost:5000 {"metadata":{"emulator":{"name":"hosting"},"message":"Local server: \u001b[4m\u001b[1mhttp://localhost:5000\u001b[22m\u001b[24m"}}
[info] i  hosting: 127.0.0.1 - - [08/Jun/2020:14:51:31 +0000] "GET / HTTP/1.1" 200 5966 "-" "Mozilla/5.0 (Windows NT 10.0; Win64; x64) AppleWebKit/537.36 (KHTML, like Gecko) Chrome/83.0.4103.61 Safari/537.36" {"metadata":{"emulator":{"name":"hosting"},"message":"127.0.0.1 - - [08/Jun/2020:14:51:31 +0000] \"GET / HTTP/1.1\" 200 5966 \"-\" \"Mozilla/5.0 (Windows NT 10.0; Win64; x64) AppleWebKit/537.36 (KHTML, like Gecko) Chrome/83.0.4103.61 Safari/537.36\""}}
[info] i  hosting: 127.0.0.1 - - [08/Jun/2020:14:51:31 +0000] "GET /script/script.js HTTP/1.1" 200 4063 "http://localhost:5000/" "Mozilla/5.0 (Windows NT 10.0; Win64; x64) AppleWebKit/537.36 (KHTML, like Gecko) Chrome/83.0.4103.61 Safari/537.36" {"metadata":{"emulator":{"name":"hosting"},"message":"127.0.0.1 - - [08/Jun/2020:14:51:31 +0000] \"GET /script/script.js HTTP/1.1\" 200 4063 \"http://localhost:5000/\" \"Mozilla/5.0 (Windows NT 10.0; Win64; x64) AppleWebKit/537.36 (KHTML, like Gecko) Chrome/83.0.4103.61 Safari/537.36\""}}
